2025-11-19 08:19:28,892 - INFO - Initializing Knowledge Management System
2025-11-19 08:19:28,893 - INFO - ================================================================================
2025-11-19 08:19:28,893 - INFO - DAILY KNOWLEDGE MANAGEMENT SYSTEM - EXECUTION START
2025-11-19 08:19:28,893 - INFO - Protocol: Infinite Scroll Protocol
2025-11-19 08:19:28,893 - INFO - ================================================================================
2025-11-19 08:19:28,893 - INFO - ================================================================================
2025-11-19 08:19:28,893 - INFO - PHASE 1: Scanning for conversation files
2025-11-19 08:19:28,893 - INFO - ================================================================================
2025-11-19 08:19:28,894 - INFO - Found 1 files in conversations
2025-11-19 08:19:28,896 - INFO - Found 0 files in downloads
2025-11-19 08:19:28,896 - INFO - ================================================================================
2025-11-19 08:19:28,896 - INFO - PHASE 2: Extracting knowledge from files
2025-11-19 08:19:28,896 - INFO - ================================================================================
2025-11-19 08:19:28,900 - INFO - Processed 1 files
2025-11-19 08:19:28,900 - INFO - Summary: {
  "total_technical": 7,
  "total_insights": 4,
  "total_thoughts": 2,
  "total_integrations": 0,
  "total_actions": 5,
  "total_questions": 0
}
2025-11-19 08:19:28,900 - INFO - ================================================================================
2025-11-19 08:19:28,900 - INFO - PHASE 3: Compiling daily report
2025-11-19 08:19:28,901 - INFO - ================================================================================
2025-11-19 08:19:28,901 - INFO - Daily report created: /home/ubuntu/phoenix-protocol-analysis/client/public/infinite_scroll/daily_updates/daily_compilation_2025-11-19.md
2025-11-19 08:19:28,901 - INFO - ================================================================================
2025-11-19 08:19:28,901 - INFO - PHASE 4: Updating mega thread
2025-11-19 08:19:28,901 - INFO - ================================================================================
2025-11-19 08:19:28,902 - INFO - Mega thread updated: /home/ubuntu/phoenix-protocol-analysis/client/public/infinite_scroll/MASTER_THREAD.md
2025-11-19 08:19:28,902 - INFO - New entries: 18
2025-11-19 08:19:28,902 - INFO - Duplicates skipped: 0
2025-11-19 08:19:28,902 - INFO - Total entries: 18
2025-11-19 08:19:28,902 - INFO - ================================================================================
2025-11-19 08:19:28,902 - INFO - EXECUTION COMPLETED SUCCESSFULLY
2025-11-19 08:19:28,902 - INFO - ================================================================================
