2025-11-19 08:02:08,784 - INFO - Initializing Knowledge Management System
2025-11-19 08:02:08,784 - INFO - ================================================================================
2025-11-19 08:02:08,784 - INFO - DAILY KNOWLEDGE MANAGEMENT SYSTEM - EXECUTION START
2025-11-19 08:02:08,785 - INFO - Protocol: Infinite Scroll Protocol
2025-11-19 08:02:08,785 - INFO - ================================================================================
2025-11-19 08:02:08,785 - INFO - ================================================================================
2025-11-19 08:02:08,785 - INFO - PHASE 1: Scanning for conversation files
2025-11-19 08:02:08,785 - INFO - ================================================================================
2025-11-19 08:02:08,785 - INFO - Found 0 files in conversations
2025-11-19 08:02:08,786 - INFO - Found 0 files in downloads
2025-11-19 08:02:08,786 - WARNING - No files found - creating sample
2025-11-19 08:02:08,786 - INFO - Created sample file: /home/ubuntu/knowledge_system/conversations/sample_20251119_080208.txt
2025-11-19 08:02:08,786 - INFO - ================================================================================
2025-11-19 08:02:08,786 - INFO - PHASE 1: Scanning for conversation files
2025-11-19 08:02:08,786 - INFO - ================================================================================
2025-11-19 08:02:08,786 - INFO - Found 1 files in conversations
2025-11-19 08:02:08,786 - INFO - Found 0 files in downloads
2025-11-19 08:02:08,786 - INFO - ================================================================================
2025-11-19 08:02:08,786 - INFO - PHASE 2: Extracting knowledge from files
2025-11-19 08:02:08,786 - INFO - ================================================================================
2025-11-19 08:02:08,790 - INFO - Processed 1 files
2025-11-19 08:02:08,790 - INFO - Summary: {
  "total_technical": 7,
  "total_insights": 4,
  "total_thoughts": 2,
  "total_integrations": 0,
  "total_actions": 5,
  "total_questions": 0
}
2025-11-19 08:02:08,790 - INFO - ================================================================================
2025-11-19 08:02:08,791 - INFO - PHASE 3: Compiling daily report
2025-11-19 08:02:08,791 - INFO - ================================================================================
2025-11-19 08:02:08,791 - INFO - Daily report created: /home/ubuntu/knowledge_system/compilations/daily_compilation_2025-11-19.md
2025-11-19 08:02:08,791 - INFO - ================================================================================
2025-11-19 08:02:08,791 - INFO - PHASE 4: Updating mega thread
2025-11-19 08:02:08,791 - INFO - ================================================================================
2025-11-19 08:02:08,791 - INFO - Mega thread updated: /home/ubuntu/knowledge_system/mega_thread/MEGA_THREAD_MASTER.md
2025-11-19 08:02:08,792 - INFO - New entries: 18
2025-11-19 08:02:08,792 - INFO - Duplicates skipped: 0
2025-11-19 08:02:08,792 - INFO - Total entries: 18
2025-11-19 08:02:08,792 - INFO - ================================================================================
2025-11-19 08:02:08,792 - INFO - EXECUTION COMPLETED SUCCESSFULLY
2025-11-19 08:02:08,792 - INFO - ================================================================================
