[2025-10-05 01:12:15] Daily Orchestrator initialized
[2025-10-05 01:12:15] ======================================================================
[2025-10-05 01:12:15] 🔥 DAILY KNOWLEDGE MANAGEMENT SYSTEM - INITIATED
[2025-10-05 01:12:15] ======================================================================
[2025-10-05 01:12:15] 
📡 PHASE 1: Knowledge Extraction
[2025-10-05 01:12:15] ----------------------------------------------------------------------
[2025-10-05 01:12:15] ✅ Extracted knowledge from 0 sources
[2025-10-05 01:12:15] 
🌌 PHASE 2: Mega Thread Compilation
[2025-10-05 01:12:15] ----------------------------------------------------------------------
[2025-10-05 01:12:15] ⚠️  No extractions available for compilation
[2025-10-05 01:12:25] Daily Orchestrator initialized
[2025-10-05 01:12:25] ======================================================================
[2025-10-05 01:12:25] 🔥 DAILY KNOWLEDGE MANAGEMENT SYSTEM - INITIATED
[2025-10-05 01:12:25] ======================================================================
[2025-10-05 01:12:25] 
📡 PHASE 1: Knowledge Extraction
[2025-10-05 01:12:25] ----------------------------------------------------------------------
[2025-10-05 01:12:25] ✅ Extracted knowledge from 1 sources
[2025-10-05 01:12:25] 
🌌 PHASE 2: Mega Thread Compilation
[2025-10-05 01:12:25] ----------------------------------------------------------------------
[2025-10-05 01:12:25] ✅ Mega thread compilation successful
[2025-10-05 01:12:25] 
📊 PHASE 3: Summary Generation
[2025-10-05 01:12:25] ----------------------------------------------------------------------
[2025-10-05 01:12:25] 
======================================================================
[2025-10-05 01:12:25] 🎯 DAILY UPDATE COMPLETE - INSTANTANEOUS VALUE DELIVERED
[2025-10-05 01:12:25] ======================================================================
